2

S 0 _ -> S _ > 0 >
S 1 _ -> S _ > 1 >
S a _ -> and _ > _ <
S o _ -> S _ > o >
S ( _ -> S _ > ( >
S ) _ -> zero _ ^ _ <
S _ _ -> ans _ ^ _ <

and 0 0 -> S _ > 0 >
and 0 1 -> S _ > 0 >
and 1 0 -> S _ > 0 >
and 1 1 -> S _ > 1 >
and ( 0 -> func ( ^ 0 > 
and ( 1 -> func ( ^ 1 >

func ( _ -> S _ > a >

zero _ 0 -> zero _ ^ _ <
zero _ 1 -> one _ ^ _ < 
zero _ a -> and 0 ^ _ < 
zero _ o -> zero _ ^ _ <
zero _ ( -> S _ > 0 >

one _ 0 -> one _ ^ _ < 
one _ 1 -> one _ ^ _ <
one _ a -> and 1 ^ _ <
one _ o -> one _ ^ _ <
one _ ( -> S _ > 1 >

ans _ 0 -> ans _ ^ _ <
ans _ 1 -> AC 1 ^ _ <
ans _ o -> ans _ ^ _ <
ans _ _ -> AC 0 ^ _ <
