start: s
accept: ac
reject: rj
blank: _
s 0 -> set_separator 0 <
s 1 -> set_separator 1 <
s * -> set_separator * <
set_separator _ -> new_number $ <
new_number _ -> secondR _ >
secondR 0 -> secondR 0 >
secondR 1 -> secondR 1 >
secondR Z -> secondR Z >
secondR O -> secondR O >
secondR z -> secondR 0 >
secondR o -> secondR 1 >
secondR $ -> secondR $ >
secondR * -> secondR * >
secondR _ -> func _ <
func 0 -> go_ans_zero _ <
func 1 -> go_ans_one _ <
func * -> clear _ <
go_ans_zero 0 -> go_ans_zero 0 <
go_ans_zero 1 -> go_ans_zero 1 <
go_ans_zero * -> go_ans_zero * <
go_ans_zero $ -> mark_next $ <
mark_next 0 -> secondR Z >
mark_next 1 -> secondR O >
mark_next Z -> mark_next Z <
mark_next O -> mark_next O <
mark_next _ -> secondR Z >
go_ans_one 0 -> go_ans_one 0 <
go_ans_one 1 -> go_ans_one 1 <
go_ans_one * -> go_ans_one * <
go_ans_one $ -> firstR $ >
firstR 0 -> firstR 0 >
firstR 1 -> firstR 1 >
firstR Z -> firstR Z >
firstR O -> firstR O >
firstR z -> f_one z <
firstR o -> f_one o <
firstR $ -> firstR $ >
firstR * -> f_one * <
f_one 0 -> go_ans_add_zero z <
f_one 1 -> go_ans_add_one o <
f_one $ -> mark_next_one $ <
go_ans_add_zero 0 -> go_ans_add_zero 0 <
go_ans_add_zero 1 -> go_ans_add_zero 1 <
go_ans_add_zero $ -> add_zero $ <
add_zero 0 -> ansR z >
add_zero 1 -> ansR o >
add_zero Z -> add_zero Z <
add_zero O -> add_zero O <
add_zero z -> add_zero z <
add_zero o -> add_zero o <
add_zero _ -> ansR z >
go_ans_add_one 0 -> go_ans_add_one 0 <
go_ans_add_one 1 -> go_ans_add_one 1 <
go_ans_add_one $ -> add_one $ <
add_one 0 -> ansR o >
add_one 1 -> shift_add z <
add_one Z -> add_one Z <
add_one O -> add_one O <
add_one z -> add_one z <
add_one o -> add_one o <
add_one _ -> ansR o >
shift_add 0 -> ansR 1 >
shift_add 1 -> shift_add 0 <
shift_add _ -> ansR 1 >
mark_next_one z -> goL Z <
mark_next_one o -> goL O >
mark_next_one Z -> mark_next_one Z <
mark_next_one O -> mark_next_one O <
mark_next_one _ -> secondR _ >
goL 0 -> goL 0 <
goL 1 -> goL 1 <
goL Z -> goL Z <
goL O -> goL O <
goL z -> goL z <
goL o -> goL o <
goL $ -> goL $ <
goL * -> goL * <
goL _ -> secondR _ >
ansR 0 -> ansR 0 >
ansR 1 -> ansR 1 >
ansR Z -> ansR Z >
ansR O -> ansR O >
ansR z -> ansR z >
ansR o -> ansR o >
ansR $ -> firstR $ >
clear 0 -> clear _ <
clear 1 -> clear _ <
clear $ -> ans _ <
ans 0 -> ans 0 <
ans 1 -> ans 1 <
ans Z -> ans 0 <
ans O -> ans 1 <
ans z -> ans 0 <
ans o -> ans 1 <
ans _ -> ac _ >